

Microchip MPLAB XC8 Assembler V2.45 build 20230818022343 
                                                                                               Mon Jan 29 17:27:45 2024

Microchip MPLAB XC8 C Compiler v2.45 (Free license) build 20230818022343 Og1 
     1                           	processor	18F252
     2                           	fnconf	rparam,??,?,0
     3                           	pagewidth 120
     4                           	opt	flic
     5                           	psect	cinit,global,reloc=2,class=CODE,delta=1
     6                           	psect	cstackCOMRAM,global,class=COMRAM,space=1,delta=1,lowdata,noexec
     7                           	psect	text0,global,reloc=2,class=CODE,delta=1
     8                           	psect	smallconst,global,reloc=2,class=SMALLCONST,delta=1,noexec
     9                           	psect	intsave_regs,global,class=BIGRAM,space=1,delta=1,noexec
    10                           	psect	rparam,global,class=COMRAM,space=1,delta=1,noexec
    11                           	psect	config,global,abs,ovrld,class=CONFIG,space=4,delta=1,noexec
    12   000000                     
    13                           ; Generated 23/03/2023 GMT
    14                           ; 
    15                           ; Copyright © 2023, Microchip Technology Inc. and its subsidiaries ("Microchip")
    16                           ; All rights reserved.
    17                           ; 
    18                           ; This software is developed by Microchip Technology Inc. and its subsidiaries ("Microch
      +                          ip").
    19                           ; 
    20                           ; Redistribution and use in source and binary forms, with or without modification, are
    21                           ; permitted provided that the following conditions are met:
    22                           ; 
    23                           ;     1. Redistributions of source code must retain the above copyright notice, this lis
      +                          t of
    24                           ;        conditions and the following disclaimer.
    25                           ; 
    26                           ;     2. Redistributions in binary form must reproduce the above copyright notice, this 
      +                          list
    27                           ;        of conditions and the following disclaimer in the documentation and/or other
    28                           ;        materials provided with the distribution. Publication is not required when
    29                           ;        this file is used in an embedded application.
    30                           ; 
    31                           ;     3. Microchip's name may not be used to endorse or promote products derived from th
      +                          is
    32                           ;        software without specific prior written permission.
    33                           ; 
    34                           ; THIS SOFTWARE IS PROVIDED BY MICROCHIP "AS IS" AND ANY EXPRESS OR IMPLIED WARRANTIES,
    35                           ; INCLUDING, BUT NOT LIMITED TO, THE IMPLIED WARRANTIES OF MERCHANTABILITY AND FITNESS F
      +                          OR
    36                           ; PURPOSE ARE DISCLAIMED.  IN NO EVENT SHALL MICROCHIP BE LIABLE FOR ANY DIRECT, INDIREC
      +                          T,
    37                           ; INCIDENTAL, SPECIAL, EXEMPLARY, OR CONSEQUENTIAL DAMAGES (INCLUDING BUT NOT LIMITED TO
    38                           ; PROCUREMENT OF SUBSTITUTE GOODS OR SERVICES; LOSS OF USE, DATA OR PROFITS; OR BUSINESS
    39                           ; INTERRUPTION) HOWSOEVER CAUSED AND ON ANY THEORY OF LIABILITY, WHETHER IN CONTRACT, ST
      +                          RICT
    40                           ; LIABILITY, OR TORT (INCLUDING NEGLIGENCE OR OTHERWISE) ARISING IN ANY WAY OUT OF THE U
      +                          SE OF
    41                           ; THIS SOFTWARE, EVEN IF ADVISED OF THE POSSIBILITY OF SUCH DAMAGE.
    42                           ; 
    43                           ; 
    44                           ; Code-generator required, PIC18F252 Definitions
    45                           ; 
    46                           ; SFR Addresses
    47   000000                     _LATB	set	3978
    48   000000                     _TRISB	set	3987
    49                           
    50                           ; #config settings
    51                           
    52                           	psect	cinit
    53   000642                     __pcinit:
    54                           	callstack 0
    55   000642                     start_initialization:
    56                           	callstack 0
    57   000642                     __initialization:
    58                           	callstack 0
    59   000642                     end_of_initialization:
    60                           	callstack 0
    61   000642                     __end_of__initialization:
    62                           	callstack 0
    63   000642  0100               	movlb	0
    64   000644  EF01  F003         	goto	_main	;jump to C main() function
    65                           
    66                           	psect	cstackCOMRAM
    67   000001                     __pcstackCOMRAM:
    68                           	callstack 0
    69   000001                     ??_main:
    70                           
    71                           ; 1 bytes @ 0x0
    72   000001                     	ds	1
    73                           
    74 ;;
    75 ;;Main: autosize = 0, tempsize = 1, incstack = 0, save=0
    76 ;;
    77 ;; *************** function _main *****************
    78 ;; Defined at:
    79 ;;		line 20 in file "main.c"
    80 ;; Parameters:    Size  Location     Type
    81 ;;		None
    82 ;; Auto vars:     Size  Location     Type
    83 ;;		None
    84 ;; Return value:  Size  Location     Type
    85 ;;                  1    wreg      void 
    86 ;; Registers used:
    87 ;;		wreg, status,2
    88 ;; Tracked objects:
    89 ;;		On entry : 0/0
    90 ;;		On exit  : 0/0
    91 ;;		Unchanged: 0/0
    92 ;; Data sizes:     COMRAM   BANK0   BANK1   BANK2   BANK3   BANK4   BANK5
    93 ;;      Params:         0       0       0       0       0       0       0
    94 ;;      Locals:         0       0       0       0       0       0       0
    95 ;;      Temps:          1       0       0       0       0       0       0
    96 ;;      Totals:         1       0       0       0       0       0       0
    97 ;;Total ram usage:        1 bytes
    98 ;; This function calls:
    99 ;;		Nothing
   100 ;; This function is called by:
   101 ;;		Startup code after reset
   102 ;; This function uses a non-reentrant model
   103 ;;
   104                           
   105                           	psect	text0
   106   000602                     __ptext0:
   107                           	callstack 0
   108   000602                     _main:
   109                           	callstack 31
   110   000602  FFFF               	dw	65535	; assembler added errata NOP
   111   000604  0E00               	movlw	0
   112   000606  6E8A               	movwf	138,c	;volatile
   113   000608  0EFE               	movlw	254
   114   00060A  6E93               	movwf	147,c	;volatile
   115   00060C                     l11:
   116   00060C  FFFF               	dw	65535	; assembler added errata NOP
   117   00060E  0E01               	movlw	1
   118   000610  6E8A               	movwf	138,c	;volatile
   119   000612  0E62               	movlw	98
   120   000614  6E01               	movwf	??_main^0,c
   121   000616  0E76               	movlw	118
   122   000618                     u17:
   123   000618  FFFF               	dw	65535	; errata NOP
   124   00061A  2EE8               	decfsz	wreg,f,c
   125   00061C  D7FD               	bra	u17
   126   00061E  2E01               	decfsz	??_main^0,f,c
   127   000620  D7FB               	bra	u17
   128   000622  D000               	nop2	
   129   000624  0E00               	movlw	0
   130   000626  6E8A               	movwf	138,c	;volatile
   131   000628  0E62               	movlw	98
   132   00062A  6E01               	movwf	??_main^0,c
   133   00062C  0E76               	movlw	118
   134   00062E                     u27:
   135   00062E  FFFF               	dw	65535	; errata NOP
   136   000630  2EE8               	decfsz	wreg,f,c
   137   000632  D7FD               	bra	u27
   138   000634  2E01               	decfsz	??_main^0,f,c
   139   000636  D7FB               	bra	u27
   140   000638  D000               	nop2	
   141   00063A  EF06  F003         	goto	l11
   142   00063E  EF01  F000         	goto	start
   143   000642                     __end_of_main:
   144                           	callstack 0
   145                           
   146                           	psect	smallconst
   147   000600                     __psmallconst:
   148                           	callstack 0
   149   000600  00                 	db	0
   150   000601  00                 	db	0	; dummy byte at the end
   151   000000                     
   152                           	psect	rparam
   153   000000                     
   154                           	psect	config
   155                           
   156                           ; Padding undefined space
   157   300000                     	org	3145728
   158   300000  FF                 	db	255
   159                           
   160                           ;Config register CONFIG1H @ 0x300001
   161                           ;	Oscillator Selection bits
   162                           ;	OSC = HS, HS oscillator
   163                           ;	Oscillator System Clock Switch Enable bit
   164                           ;	OSCS = 0x1, unprogrammed default
   165   300001                     	org	3145729
   166   300001  22                 	db	34
   167                           
   168                           ;Config register CONFIG2L @ 0x300002
   169                           ;	Power-up Timer Enable bit
   170                           ;	PWRT = ON, PWRT enabled
   171                           ;	Brown-out Reset Enable bit
   172                           ;	BOR = OFF, Brown-out Reset disabled
   173                           ;	Brown-out Reset Voltage bits
   174                           ;	BORV = 0x3, unprogrammed default
   175   300002                     	org	3145730
   176   300002  0C                 	db	12
   177                           
   178                           ;Config register CONFIG2H @ 0x300003
   179                           ;	Watchdog Timer Enable bit
   180                           ;	WDT = OFF, WDT disabled (control is placed on the SWDTEN bit)
   181                           ;	Watchdog Timer Postscale Select bits
   182                           ;	WDTPS = 0x7, unprogrammed default
   183   300003                     	org	3145731
   184   300003  0E                 	db	14
   185                           
   186                           ;Config register CONFIG4L @ 0x300006
   187                           ;	Stack Full/Underflow Reset Enable bit
   188                           ;	STVR = 0x1, unprogrammed default
   189                           ;	Low Voltage ICSP Enable bit
   190                           ;	LVP = OFF, Low Voltage ICSP disabled
   191                           ;	Background Debugger Enable bit
   192                           ;	DEBUG = 0x1, unprogrammed default
   193   300006                     	org	3145734
   194   300006  81                 	db	129
   195                           
   196                           ; Padding undefined space
   197   300007                     	org	3145735
   198   300007  FF                 	db	255
   199                           tosu	equ	0xFFF
   200                           tosh	equ	0xFFE
   201                           tosl	equ	0xFFD
   202                           stkptr	equ	0xFFC
   203                           pclatu	equ	0xFFB
   204                           pclath	equ	0xFFA
   205                           pcl	equ	0xFF9
   206                           tblptru	equ	0xFF8
   207                           tblptrh	equ	0xFF7
   208                           tblptrl	equ	0xFF6
   209                           tablat	equ	0xFF5
   210                           prodh	equ	0xFF4
   211                           prodl	equ	0xFF3
   212                           indf0	equ	0xFEF
   213                           postinc0	equ	0xFEE
   214                           postdec0	equ	0xFED
   215                           preinc0	equ	0xFEC
   216                           plusw0	equ	0xFEB
   217                           fsr0h	equ	0xFEA
   218                           fsr0l	equ	0xFE9
   219                           wreg	equ	0xFE8
   220                           indf1	equ	0xFE7
   221                           postinc1	equ	0xFE6
   222                           postdec1	equ	0xFE5
   223                           preinc1	equ	0xFE4
   224                           plusw1	equ	0xFE3
   225                           fsr1h	equ	0xFE2
   226                           fsr1l	equ	0xFE1
   227                           bsr	equ	0xFE0
   228                           indf2	equ	0xFDF
   229                           postinc2	equ	0xFDE
   230                           postdec2	equ	0xFDD
   231                           preinc2	equ	0xFDC
   232                           plusw2	equ	0xFDB
   233                           fsr2h	equ	0xFDA
   234                           fsr2l	equ	0xFD9
   235                           status	equ	0xFD8

Data Sizes:
    Strings     0
    Constant    0
    Data        0
    BSS         0
    Persistent  0
    Stack       0

Auto Spaces:
    Space          Size  Autos    Used
    COMRAM          127      1       1
    BANK0           128      0       0
    BANK1           256      0       0
    BANK2           256      0       0
    BANK3           256      0       0
    BANK4           256      0       0
    BANK5           256      0       0

Pointer List with Targets:

    None.

Critical Paths under _main in COMRAM

    None.

Critical Paths under _main in BANK0

    None.

Critical Paths under _main in BANK1

    None.

Critical Paths under _main in BANK2

    None.

Critical Paths under _main in BANK3

    None.

Critical Paths under _main in BANK4

    None.

Critical Paths under _main in BANK5

    None.

Call Graph Tables:

 ---------------------------------------------------------------------------------
 (Depth) Function   	        Calls       Base Space   Used Autos Params    Refs
 ---------------------------------------------------------------------------------
 (0) _main                                                 1     1      0       0
                                              0 COMRAM     1     1      0
 ---------------------------------------------------------------------------------
 Estimated maximum stack depth 0
 ---------------------------------------------------------------------------------

 Call Graph Graphs:

 _main (ROOT)

 Address spaces:
Name               Size   Autos  Total    Cost      Usage
BITCOMRAM           7F      0       0       0        0.0%
EEDATA             100      0       0       0        0.0%
NULL                 0      0       0       0        0.0%
CODE                 0      0       0       0        0.0%
COMRAM              7F      1       1       1        0.8%
STACK                0      0       0       2        0.0%
DATA                 0      0       0       3        0.0%
BITBANK0            80      0       0       4        0.0%
BANK0               80      0       0       5        0.0%
BITBANK1           100      0       0       6        0.0%
BANK1              100      0       0       7        0.0%
BITBANK2           100      0       0       8        0.0%
BANK2              100      0       0       9        0.0%
BITBANK3           100      0       0      10        0.0%
BANK3              100      0       0      11        0.0%
BITBANK4           100      0       0      12        0.0%
BANK4              100      0       0      13        0.0%
BITBANK5           100      0       0      14        0.0%
BANK5              100      0       0      15        0.0%
BITBIGSFRhh         6C      0       0      16        0.0%
BITBIGSFRhl          8      0       0      17        0.0%
BITBIGSFRl           A      0       0      18        0.0%
ABS                  0      0       0      19        0.0%
BIGRAM             5FF      0       0      20        0.0%
BIGSFR               0      0       0     200        0.0%
BITSFR               0      0       0     200        0.0%
SFR                  0      0       0     200        0.0%


Microchip Technology PIC18 Macro Assembler V2.45 build 20230818022343 
Symbol Table                                                                                   Mon Jan 29 17:27:45 2024

                                                                   l11 060C  
                                                                   u17 0618  
                                                                   u27 062E  
                                                                  l690 0602  
                                                                  l692 0612  
                                                                  l694 0624  
                                                                  wreg 0FE8  
                                                                 _LATB 0F8A  
                                                                 _main 0602  
                                                                 start 0002  
                                                         ___param_bank 0000  
                                                                ?_main 0001  
                                                                _TRISB 0F93  
                                                      __initialization 0642  
                                                         __end_of_main 0642  
                                                               ??_main 0001  
                                                        __activetblptr 0000  
                                                               isa$std 0001  
                                                         __mediumconst 0000  
                                                           __accesstop 0080  
                                              __end_of__initialization 0642  
                                                        ___rparam_used 0001  
                                                       __pcstackCOMRAM 0001  
                                                              __Hparam 0000  
                                                              __Lparam 0000  
                                                         __psmallconst 0600  
                                                              __pcinit 0642  
                                                              __ramtop 0600  
                                                              __ptext0 0602  
                                                 end_of_initialization 0642  
                                                  start_initialization 0642  
                                                          __smallconst 0600  
                                                             __Hrparam 0000  
                                                             __Lrparam 0000  
                                                             isa$xinst 0000  
